<?xml version='1.0' encoding='UTF-8'?>
<testsuite hostname="MacBook-Pro" name="com.snowplowanalytics.snowplow.utils.UtilsTest" tests="1" errors="0" failures="0" skipped="0" time="0.006" timestamp="2022-06-28T19:13:16">
          <properties>
[...]
</properties>
          <testcase classname="com.snowplowanalytics.snowplow.utils.UtilsTest" name="A Utils.removeNullFields method should remove null fields from a JSON string" time="0.006">
                      
                    </testcase>
          <system-out><![CDATA[]]></system-out>
          <system-err><![CDATA[]]></system-err>
        </testsuite>